Started by user [8mha:////4NmSnY5hFSa2v+4DK/6XqFyKRT2cvWd/ZyNOGusI2m2lAAAAqR+LCAAAAAAAAP9b85aBtbiIQTGjNKU4P08vOT+vOD8nVc83PyU1x6OyILUoJzMv2y+/JJUBAhiZGBgqihhk0NSjKDWzXb3RdlLBUSYGJk8GtpzUvPSSDB8G5tKinBIGIZ+sxLJE/ZzEvHT94JKizLx0a6BxUmjGOUNodHsLgAzxEgZZ/dLi1CL9vPyy1KIkQxOH4pLSlNS8Er3ExFK9lGwA1L1LDtIAAAA=[0mnoverb14@student.aau.dk
Building in workspace /var/jenkins_home/workspace/meta-database-lib
 > git rev-parse --is-inside-work-tree # timeout=10
Fetching changes from the remote Git repository
 > git config remote.origin.url http://git.giraf.cs.aau.dk/Giraf17-AndroidLibs/meta-database-lib.git # timeout=10
Fetching upstream changes from http://git.giraf.cs.aau.dk/Giraf17-AndroidLibs/meta-database-lib.git
 > git --version # timeout=10
 > git -c core.askpass=true fetch --tags --progress http://git.giraf.cs.aau.dk/Giraf17-AndroidLibs/meta-database-lib.git +refs/heads/*:refs/remotes/origin/*
 > git rev-parse refs/remotes/origin/master^{commit} # timeout=10
 > git rev-parse refs/remotes/origin/origin/master^{commit} # timeout=10
Checking out Revision 0a7812c32136a651cec88201f6b2a2c1a57ff1b4 (refs/remotes/origin/master)
 > git config core.sparsecheckout # timeout=10
 > git checkout -f 0a7812c32136a651cec88201f6b2a2c1a57ff1b4
 > git rev-list 0a7812c32136a651cec88201f6b2a2c1a57ff1b4 # timeout=10
[Gradle] - Launching build.
[meta-database-lib] $ /var/jenkins_home/workspace/meta-database-lib/gradlew publishMavenPublicationToMavenRepository
Downloading https://services.gradle.org/distributions/gradle-2.10-all.zip
.............................................................................................................................................................................................................................................................................................................................................................................................................................................................................................................................................................................................................................................................................................................................................................................................................................................................................................................................................................................................................................................................................................................................................................................................................................................................................................................................................................................................................................................................................................................................................................................................................................................................................................................................................................................................................................................................................................................................................................................................................................................................................................................................................................................................................................................................................................................................................................................................................................................................................................................................................................................................................................................................................................................................................................................................................................................................................................................................................................................................................................................................................................................................................................................................................................................................................................................................................................................................................................................................................................................................................................
Unzipping /root/.gradle/wrapper/dists/gradle-2.10-all/a4w5fzrkeut1ox71xslb49gst/gradle-2.10-all.zip to /root/.gradle/wrapper/dists/gradle-2.10-all/a4w5fzrkeut1ox71xslb49gst
Set executable permissions for: /root/.gradle/wrapper/dists/gradle-2.10-all/a4w5fzrkeut1ox71xslb49gst/gradle-2.10/bin/gradle
[8mha:////4AC3/QH3QA2CAdE6s46inEiLQAXIiu50+0vrcQiGpSKMAAAAYB+LCAAAAAAAAP9b85aBtbiIQSWjNKU4P0+vIKc0PTOvWC+9KDElJ1XPHUyFJBZn++WXpC7zV766aHPULSYGhooiBimoluT8vOJ8oFpnCA1SyAABjCCFBQDX67qaYgAAAA==[0m:generatePomFileForMavenPublication
[8mha:////4AC3/QH3QA2CAdE6s46inEiLQAXIiu50+0vrcQiGpSKMAAAAYB+LCAAAAAAAAP9b85aBtbiIQSWjNKU4P0+vIKc0PTOvWC+9KDElJ1XPHUyFJBZn++WXpC7zV766aHPULSYGhooiBimoluT8vOJ8oFpnCA1SyAABjCCFBQDX67qaYgAAAA==[0m:compileJavawarning: [options] bootstrap class path not set in conjunction with -source 1.6
1 warning

[8mha:////4AC3/QH3QA2CAdE6s46inEiLQAXIiu50+0vrcQiGpSKMAAAAYB+LCAAAAAAAAP9b85aBtbiIQSWjNKU4P0+vIKc0PTOvWC+9KDElJ1XPHUyFJBZn++WXpC7zV766aHPULSYGhooiBimoluT8vOJ8oFpnCA1SyAABjCCFBQDX67qaYgAAAA==[0m:processResources UP-TO-DATE
[8mha:////4AC3/QH3QA2CAdE6s46inEiLQAXIiu50+0vrcQiGpSKMAAAAYB+LCAAAAAAAAP9b85aBtbiIQSWjNKU4P0+vIKc0PTOvWC+9KDElJ1XPHUyFJBZn++WXpC7zV766aHPULSYGhooiBimoluT8vOJ8oFpnCA1SyAABjCCFBQDX67qaYgAAAA==[0m:classes
[8mha:////4AC3/QH3QA2CAdE6s46inEiLQAXIiu50+0vrcQiGpSKMAAAAYB+LCAAAAAAAAP9b85aBtbiIQSWjNKU4P0+vIKc0PTOvWC+9KDElJ1XPHUyFJBZn++WXpC7zV766aHPULSYGhooiBimoluT8vOJ8oFpnCA1SyAABjCCFBQDX67qaYgAAAA==[0m:jar
[8mha:////4AC3/QH3QA2CAdE6s46inEiLQAXIiu50+0vrcQiGpSKMAAAAYB+LCAAAAAAAAP9b85aBtbiIQSWjNKU4P0+vIKc0PTOvWC+9KDElJ1XPHUyFJBZn++WXpC7zV766aHPULSYGhooiBimoluT8vOJ8oFpnCA1SyAABjCCFBQDX67qaYgAAAA==[0m:publishMavenPublicationToMavenRepository FAILED

FAILURE: Build failed with an exception.

* What went wrong:
Execution failed for task ':publishMavenPublicationToMavenRepository'.
> Failed to publish publication 'maven' to repository 'maven'
   > java.lang.NullPointerException (no error message)

* Try:
Run with --stacktrace option to get the stack trace. Run with --info or --debug option to get more log output.

[8mha:////4FwoyfhOzOx9WouJNXTqt3xtCn4HUWNK6W5sjcw5b4LUAAAAYx+LCAAAAAAAAP9b85aBtbiIQT2jNKU4P0+vIKc0PTOvWC+9KDElJ1XPHUz5l5Yk5+em+uWXpBabBRd0uewzZWJgqChikILqSs7PK84HKneG0CCFDBDACFJYAAAMk/XNZQAAAA==[0mBUILD FAILED

Total time: 20.548 secs
Build step 'Invoke Gradle script' changed build result to FAILURE
Build step 'Invoke Gradle script' marked build as failure
Finished: FAILURE
