Started by user [8mha:////4NmSnY5hFSa2v+4DK/6XqFyKRT2cvWd/ZyNOGusI2m2lAAAAqR+LCAAAAAAAAP9b85aBtbiIQTGjNKU4P08vOT+vOD8nVc83PyU1x6OyILUoJzMv2y+/JJUBAhiZGBgqihhk0NSjKDWzXb3RdlLBUSYGJk8GtpzUvPSSDB8G5tKinBIGIZ+sxLJE/ZzEvHT94JKizLx0a6BxUmjGOUNodHsLgAzxEgZZ/dLi1CL9vPyy1KIkQxOH4pLSlNS8Er3ExFK9lGwA1L1LDtIAAAA=[0mnoverb14@student.aau.dk
Building in workspace /var/jenkins_home/workspace/local-db
 > git rev-parse --is-inside-work-tree # timeout=10
Fetching changes from the remote Git repository
 > git config remote.origin.url http://git.giraf.cs.aau.dk/Giraf17-AndroidLibs/local-db.git # timeout=10
Fetching upstream changes from http://git.giraf.cs.aau.dk/Giraf17-AndroidLibs/local-db.git
 > git --version # timeout=10
 > git fetch --tags --progress http://git.giraf.cs.aau.dk/Giraf17-AndroidLibs/local-db.git +refs/heads/*:refs/remotes/origin/*
 > git rev-parse refs/remotes/origin/master^{commit} # timeout=10
 > git rev-parse refs/remotes/origin/origin/master^{commit} # timeout=10
Checking out Revision d2698e2bae698478a54a0b8c67c12e2d9dc5848f (refs/remotes/origin/master)
 > git config core.sparsecheckout # timeout=10
 > git checkout -f d2698e2bae698478a54a0b8c67c12e2d9dc5848f
 > git rev-list cdb9c37e53c931a904746121e79a7d91de3fcb2b # timeout=10
Jenkins Artifactory Plugin version: 2.10.3
[Gradle] - Launching build.
[local-db] $ /var/jenkins_home/workspace/local-db/gradlew artifactoryPublish

FAILURE: Build failed with an exception.

* What went wrong:
A problem occurred configuring root project 'local-db'.
> failed to find target with hash string 'android-23' in: /opt/tools

* Try:
Run with --stacktrace option to get the stack trace. Run with --info or --debug option to get more log output.

[8mha:////4FwoyfhOzOx9WouJNXTqt3xtCn4HUWNK6W5sjcw5b4LUAAAAYx+LCAAAAAAAAP9b85aBtbiIQT2jNKU4P0+vIKc0PTOvWC+9KDElJ1XPHUz5l5Yk5+em+uWXpBabBRd0uewzZWJgqChikILqSs7PK84HKneG0CCFDBDACFJYAAAMk/XNZQAAAA==[0mBUILD FAILED

Total time: 5.074 secs
Build step 'Invoke Gradle script' changed build result to FAILURE
Build step 'Invoke Gradle script' marked build as failure
Finished: FAILURE
