Started by user [8mha:////4K1p1rR9P8/UcvUAWjx2SgDV6Kg3oG0J5rwZcmxW5g1LAAAAqR+LCAAAAAAAAP9b85aBtbiIQTGjNKU4P08vOT+vOD8nVc83PyU1x6OyILUoJzMv2y+/JJUBAhiZGBgqihhk0NSjKDWzXb3RdlLBUSYGJk8GtpzUvPSSDB8G5tKinBIGIZ+sxLJE/ZzEvHT94JKizLx0a6BxUmjGOUNodHsLgAzxEgZZ/dLi1CL9tLL8nJQkQxOH4pLSlNS8Er3ExFK9lGwAmrOAjtIAAAA=[0mfvoldb14@student.aau.dk
Building in workspace /var/jenkins_home/workspace/giraf-component-lib
 > git rev-parse --is-inside-work-tree # timeout=10
Fetching changes from the remote Git repository
 > git config remote.origin.url http://git.giraf.cs.aau.dk/Giraf17-AndroidLibs/giraf-component-lib.git # timeout=10
Fetching upstream changes from http://git.giraf.cs.aau.dk/Giraf17-AndroidLibs/giraf-component-lib.git
 > git --version # timeout=10
 > git fetch --tags --progress http://git.giraf.cs.aau.dk/Giraf17-AndroidLibs/giraf-component-lib.git +refs/heads/*:refs/remotes/origin/*
 > git rev-parse refs/remotes/origin/master^{commit} # timeout=10
 > git rev-parse refs/remotes/origin/origin/master^{commit} # timeout=10
Checking out Revision 9a88b9b8f54a57430e3abd3c4178f33ae1605988 (refs/remotes/origin/master)
 > git config core.sparsecheckout # timeout=10
 > git checkout -f 9a88b9b8f54a57430e3abd3c4178f33ae1605988
First time build. Skipping changelog.
Jenkins Artifactory Plugin version: 2.10.3
[Gradle] - Launching build.
[giraf-component-lib] $ /var/jenkins_home/workspace/giraf-component-lib/gradlew -DVERSION=1.0-SNAPSHOT artifactoryPublish
Downloading https://services.gradle.org/distributions/gradle-2.14.1-all.zip
...........................................................................................................................................................................................................................................................................................................................................................................................................................................................................................................................................................................................................................................................................................................................................................................................................................................................................................................................................................................................................................................................................................................................................................................................................................................................................................................................................................................................................................................................................................................................................................................................................................................................................................................................................................................................................................................................................................................................................................................................................................................................................................................................................................................................................................................................................................................................................................................................................................................................................................................................................................................................................................................................................................................................................................................................................................................................................................................................................................................................................................................................................................................................................................................................................................................................................................................................................................................................................................................................................................................................................................................................
Unzipping /root/.gradle/wrapper/dists/gradle-2.14.1-all/8bnwg5hd3w55iofp58khbp6yv/gradle-2.14.1-all.zip to /root/.gradle/wrapper/dists/gradle-2.14.1-all/8bnwg5hd3w55iofp58khbp6yv
Set executable permissions for: /root/.gradle/wrapper/dists/gradle-2.14.1-all/8bnwg5hd3w55iofp58khbp6yv/gradle-2.14.1/bin/gradle
Version is 1.0-SNAPSHOT

FAILURE: Build failed with an exception.

* What went wrong:
A problem occurred configuring root project 'giraf-component-lib'.
> failed to find target with hash string 'android-23' in: /opt/tools

* Try:
Run with --stacktrace option to get the stack trace. Run with --info or --debug option to get more log output.

[8mha:////4FwoyfhOzOx9WouJNXTqt3xtCn4HUWNK6W5sjcw5b4LUAAAAYx+LCAAAAAAAAP9b85aBtbiIQT2jNKU4P0+vIKc0PTOvWC+9KDElJ1XPHUz5l5Yk5+em+uWXpBabBRd0uewzZWJgqChikILqSs7PK84HKneG0CCFDBDACFJYAAAMk/XNZQAAAA==[0mBUILD FAILED

Total time: 17.88 secs
Build step 'Invoke Gradle script' changed build result to FAILURE
Build step 'Invoke Gradle script' marked build as failure
Finished: FAILURE
