Started by user [8mha:////4NmSnY5hFSa2v+4DK/6XqFyKRT2cvWd/ZyNOGusI2m2lAAAAqR+LCAAAAAAAAP9b85aBtbiIQTGjNKU4P08vOT+vOD8nVc83PyU1x6OyILUoJzMv2y+/JJUBAhiZGBgqihhk0NSjKDWzXb3RdlLBUSYGJk8GtpzUvPSSDB8G5tKinBIGIZ+sxLJE/ZzEvHT94JKizLx0a6BxUmjGOUNodHsLgAzxEgZZ/dLi1CL9vPyy1KIkQxOH4pLSlNS8Er3ExFK9lGwA1L1LDtIAAAA=[0mnoverb14@student.aau.dk
Building in workspace /var/jenkins_home/workspace/meta-database-lib
 > git rev-parse --is-inside-work-tree # timeout=10
Fetching changes from the remote Git repository
 > git config remote.origin.url http://git.giraf.cs.aau.dk/Giraf17-AndroidLibs/meta-database-lib.git # timeout=10
Fetching upstream changes from http://git.giraf.cs.aau.dk/Giraf17-AndroidLibs/meta-database-lib.git
 > git --version # timeout=10
 > git -c core.askpass=true fetch --tags --progress http://git.giraf.cs.aau.dk/Giraf17-AndroidLibs/meta-database-lib.git +refs/heads/*:refs/remotes/origin/*
 > git rev-parse refs/remotes/origin/maven-test^{commit} # timeout=10
 > git rev-parse refs/remotes/origin/origin/maven-test^{commit} # timeout=10
Checking out Revision c4b0e1007ce0c6f2747b75f3fed5e7651be18b1e (refs/remotes/origin/maven-test)
 > git config core.sparsecheckout # timeout=10
 > git checkout -f c4b0e1007ce0c6f2747b75f3fed5e7651be18b1e
First time build. Skipping changelog.
[Gradle] - Launching build.
[meta-database-lib] $ /var/jenkins_home/workspace/meta-database-lib/gradlew --init-script /tmp/init-artifactory27795297894037708gradle publish artifactoryPublish
[buildinfo] Properties file found at '/tmp/buildInfo3278046345399087384.properties'

FAILURE: Build failed with an exception.

* What went wrong:
Task 'publish' not found in root project 'meta-database'.

* Try:
Run gradlew tasks to get a list of available tasks. Run with --stacktrace option to get the stack trace. Run with --info or --debug option to get more log output.

[8mha:////4FwoyfhOzOx9WouJNXTqt3xtCn4HUWNK6W5sjcw5b4LUAAAAYx+LCAAAAAAAAP9b85aBtbiIQT2jNKU4P0+vIKc0PTOvWC+9KDElJ1XPHUz5l5Yk5+em+uWXpBabBRd0uewzZWJgqChikILqSs7PK84HKneG0CCFDBDACFJYAAAMk/XNZQAAAA==[0mBUILD FAILED

Total time: 4.034 secs
Build step 'Invoke Gradle script' changed build result to FAILURE
Build step 'Invoke Gradle script' marked build as failure
Finished: FAILURE
