Started by user [8mha:////4NmSnY5hFSa2v+4DK/6XqFyKRT2cvWd/ZyNOGusI2m2lAAAAqR+LCAAAAAAAAP9b85aBtbiIQTGjNKU4P08vOT+vOD8nVc83PyU1x6OyILUoJzMv2y+/JJUBAhiZGBgqihhk0NSjKDWzXb3RdlLBUSYGJk8GtpzUvPSSDB8G5tKinBIGIZ+sxLJE/ZzEvHT94JKizLx0a6BxUmjGOUNodHsLgAzxEgZZ/dLi1CL9vPyy1KIkQxOH4pLSlNS8Er3ExFK9lGwA1L1LDtIAAAA=[0mnoverb14@student.aau.dk
Building in workspace /var/jenkins_home/workspace/meta-database-lib
 > git rev-parse --is-inside-work-tree # timeout=10
Fetching changes from the remote Git repository
 > git config remote.origin.url http://git.giraf.cs.aau.dk/Giraf17-AndroidLibs/meta-database-lib.git # timeout=10
Fetching upstream changes from http://git.giraf.cs.aau.dk/Giraf17-AndroidLibs/meta-database-lib.git
 > git --version # timeout=10
 > git fetch --tags --progress http://git.giraf.cs.aau.dk/Giraf17-AndroidLibs/meta-database-lib.git +refs/heads/*:refs/remotes/origin/*
 > git rev-parse refs/remotes/origin/maven-test^{commit} # timeout=10
 > git rev-parse refs/remotes/origin/origin/maven-test^{commit} # timeout=10
Checking out Revision 9125bf01c31da017db78c91f562e3604b76ae5db (refs/remotes/origin/maven-test)
 > git config core.sparsecheckout # timeout=10
 > git checkout -f 9125bf01c31da017db78c91f562e3604b76ae5db
 > git rev-list ed91132675fe72b5616f99053cf529512e70f167 # timeout=10
Jenkins Artifactory Plugin version: 2.10.3
[Gradle] - Launching build.
[meta-database-lib] $ /var/jenkins_home/workspace/meta-database-lib/gradlew artifactoryPublish
Download https://jcenter.bintray.com/org/jfrog/buildinfo/build-info-extractor-gradle/3.0.3/build-info-extractor-gradle-3.0.3.pom
Download https://jcenter.bintray.com/org/jfrog/buildinfo/build-info-extractor/2.3.2/build-info-extractor-2.3.2.pom
Download https://jcenter.bintray.com/javax/annotation/jsr250-api/1.0/jsr250-api-1.0.pom
Download https://jcenter.bintray.com/com/google/guava/guava/10.0.1/guava-10.0.1.pom
Download https://jcenter.bintray.com/com/google/guava/guava-parent/10.0.1/guava-parent-10.0.1.pom
Download https://jcenter.bintray.com/org/jfrog/buildinfo/build-info-client/2.3.2/build-info-client-2.3.2.pom
Download https://jcenter.bintray.com/com/google/code/findbugs/jsr305/1.3.9/jsr305-1.3.9.pom
Download https://jcenter.bintray.com/org/jfrog/buildinfo/build-info-api/2.3.2/build-info-api-2.3.2.pom
Download https://jcenter.bintray.com/org/jfrog/buildinfo/build-info-extractor-gradle/3.0.3/build-info-extractor-gradle-3.0.3.jar
Download https://jcenter.bintray.com/org/jfrog/buildinfo/build-info-extractor/2.3.2/build-info-extractor-2.3.2.jar
Download https://jcenter.bintray.com/javax/annotation/jsr250-api/1.0/jsr250-api-1.0.jar
Download https://jcenter.bintray.com/com/google/guava/guava/10.0.1/guava-10.0.1.jar
Download https://jcenter.bintray.com/org/jfrog/buildinfo/build-info-client/2.3.2/build-info-client-2.3.2.jar
Download https://jcenter.bintray.com/com/google/code/findbugs/jsr305/1.3.9/jsr305-1.3.9.jar
Download https://jcenter.bintray.com/org/jfrog/buildinfo/build-info-api/2.3.2/build-info-api-2.3.2.jar
[buildinfo] Properties file found at '/tmp/buildInfo5677665247956938874.properties'
[8mha:////4CZl4ZiQ+PyWwWDKvENHfCrUXrsxjTLCvcp1vCXylcQtAAAAYB+LCAAAAAAAAP9b85aBtbiIQSWjNKU4P0+vIKc0PTOvWC+9KDElJ1XPHUyFJBZn++WXpCqzh62PfDo/h4mBoaKIQQqqJTk/rzgfqNYZQoMUMkAAI0hhAQASWqbMYgAAAA==[0m:compileJava UP-TO-DATE
[8mha:////4CZl4ZiQ+PyWwWDKvENHfCrUXrsxjTLCvcp1vCXylcQtAAAAYB+LCAAAAAAAAP9b85aBtbiIQSWjNKU4P0+vIKc0PTOvWC+9KDElJ1XPHUyFJBZn++WXpCqzh62PfDo/h4mBoaKIQQqqJTk/rzgfqNYZQoMUMkAAI0hhAQASWqbMYgAAAA==[0m:processResources UP-TO-DATE
[8mha:////4CZl4ZiQ+PyWwWDKvENHfCrUXrsxjTLCvcp1vCXylcQtAAAAYB+LCAAAAAAAAP9b85aBtbiIQSWjNKU4P0+vIKc0PTOvWC+9KDElJ1XPHUyFJBZn++WXpCqzh62PfDo/h4mBoaKIQQqqJTk/rzgfqNYZQoMUMkAAI0hhAQASWqbMYgAAAA==[0m:classes UP-TO-DATE
[8mha:////4CZl4ZiQ+PyWwWDKvENHfCrUXrsxjTLCvcp1vCXylcQtAAAAYB+LCAAAAAAAAP9b85aBtbiIQSWjNKU4P0+vIKc0PTOvWC+9KDElJ1XPHUyFJBZn++WXpCqzh62PfDo/h4mBoaKIQQqqJTk/rzgfqNYZQoMUMkAAI0hhAQASWqbMYgAAAA==[0m:jar
[8mha:////4CZl4ZiQ+PyWwWDKvENHfCrUXrsxjTLCvcp1vCXylcQtAAAAYB+LCAAAAAAAAP9b85aBtbiIQSWjNKU4P0+vIKc0PTOvWC+9KDElJ1XPHUyFJBZn++WXpCqzh62PfDo/h4mBoaKIQQqqJTk/rzgfqNYZQoMUMkAAI0hhAQASWqbMYgAAAA==[0m:artifactoryPublish
Deploying artifact: http://jenkins.giraf.cs.aau.dk:8080/libs-snapshot-local/dk/aau/cs/giraf/meta-database/1.0-SNAPSHOT/meta-database-1.0-SNAPSHOT.pom
Failed while reading the response from: PUT http://jenkins.giraf.cs.aau.dk:8080/libs-snapshot-local/dk/aau/cs/giraf/meta-database/1.0-SNAPSHOT/meta-database-1.0-SNAPSHOT.pom;vcs.revision=9125bf01c31da017db78c91f562e3604b76ae5db;dev.team=core;qa.level=basic;build.timestamp=1491826679035;build.name=meta-database-lib;build.number=21 HTTP/1.1
java.io.EOFException: No content to map to Object due to end of input
	at org.codehaus.jackson.map.ObjectMapper._initForReading(ObjectMapper.java:2775)
	at org.codehaus.jackson.map.ObjectMapper._readValue(ObjectMapper.java:2691)
	at org.codehaus.jackson.map.ObjectMapper.readValue(ObjectMapper.java:1286)
	at org.codehaus.jackson.JsonParser.readValueAs(JsonParser.java:1337)
	at org.jfrog.build.client.ArtifactoryHttpClient.execute(ArtifactoryHttpClient.java:201)
	at org.jfrog.build.client.ArtifactoryHttpClient.upload(ArtifactoryHttpClient.java:188)
	at org.jfrog.build.client.ArtifactoryBuildInfoClient.uploadFile(ArtifactoryBuildInfoClient.java:524)
	at org.jfrog.build.client.ArtifactoryBuildInfoClient.deployArtifact(ArtifactoryBuildInfoClient.java:299)
	at org.jfrog.gradle.plugin.artifactory.task.BuildInfoBaseTask.deployArtifacts(BuildInfoBaseTask.java:411)
	at org.jfrog.gradle.plugin.artifactory.task.BuildInfoBaseTask.prepareAndDeploy(BuildInfoBaseTask.java:287)
	at org.jfrog.gradle.plugin.artifactory.task.BuildInfoBaseTask.collectProjectBuildInfo(BuildInfoBaseTask.java:365)
	at sun.reflect.NativeMethodAccessorImpl.invoke0(Native Method)
	at sun.reflect.NativeMethodAccessorImpl.invoke(NativeMethodAccessorImpl.java:62)
	at sun.reflect.DelegatingMethodAccessorImpl.invoke(DelegatingMethodAccessorImpl.java:43)
	at java.lang.reflect.Method.invoke(Method.java:498)
	at org.gradle.internal.reflect.JavaMethod.invoke(JavaMethod.java:75)
	at org.gradle.api.internal.project.taskfactory.AnnotationProcessingTaskFactory$StandardTaskAction.doExecute(AnnotationProcessingTaskFactory.java:227)
	at org.gradle.api.internal.project.taskfactory.AnnotationProcessingTaskFactory$StandardTaskAction.execute(AnnotationProcessingTaskFactory.java:220)
	at org.gradle.api.internal.project.taskfactory.AnnotationProcessingTaskFactory$StandardTaskAction.execute(AnnotationProcessingTaskFactory.java:209)
	at org.gradle.api.internal.AbstractTask$TaskActionWrapper.execute(AbstractTask.java:585)
	at org.gradle.api.internal.AbstractTask$TaskActionWrapper.execute(AbstractTask.java:568)
	at org.gradle.api.internal.tasks.execution.ExecuteActionsTaskExecuter.executeAction(ExecuteActionsTaskExecuter.java:80)
	at org.gradle.api.internal.tasks.execution.ExecuteActionsTaskExecuter.executeActions(ExecuteActionsTaskExecuter.java:61)
	at org.gradle.api.internal.tasks.execution.ExecuteActionsTaskExecuter.execute(ExecuteActionsTaskExecuter.java:46)
	at org.gradle.api.internal.tasks.execution.PostExecutionAnalysisTaskExecuter.execute(PostExecutionAnalysisTaskExecuter.java:35)
	at org.gradle.api.internal.tasks.execution.SkipUpToDateTaskExecuter.execute(SkipUpToDateTaskExecuter.java:64)
	at org.gradle.api.internal.tasks.execution.ValidatingTaskExecuter.execute(ValidatingTaskExecuter.java:58)
	at org.gradle.api.internal.tasks.execution.SkipEmptySourceFilesTaskExecuter.execute(SkipEmptySourceFilesTaskExecuter.java:52)
	at org.gradle.api.internal.tasks.execution.SkipTaskWithNoActionsExecuter.execute(SkipTaskWithNoActionsExecuter.java:52)
	at org.gradle.api.internal.tasks.execution.SkipOnlyIfTaskExecuter.execute(SkipOnlyIfTaskExecuter.java:53)
	at org.gradle.api.internal.tasks.execution.ExecuteAtMostOnceTaskExecuter.execute(ExecuteAtMostOnceTaskExecuter.java:43)
	at org.gradle.execution.taskgraph.DefaultTaskGraphExecuter$EventFiringTaskWorker.execute(DefaultTaskGraphExecuter.java:203)
	at org.gradle.execution.taskgraph.DefaultTaskGraphExecuter$EventFiringTaskWorker.execute(DefaultTaskGraphExecuter.java:185)
	at org.gradle.execution.taskgraph.AbstractTaskPlanExecutor$TaskExecutorWorker.processTask(AbstractTaskPlanExecutor.java:66)
	at org.gradle.execution.taskgraph.AbstractTaskPlanExecutor$TaskExecutorWorker.run(AbstractTaskPlanExecutor.java:50)
	at org.gradle.execution.taskgraph.DefaultTaskPlanExecutor.process(DefaultTaskPlanExecutor.java:25)
	at org.gradle.execution.taskgraph.DefaultTaskGraphExecuter.execute(DefaultTaskGraphExecuter.java:110)
	at org.gradle.execution.SelectedTaskExecutionAction.execute(SelectedTaskExecutionAction.java:37)
	at org.gradle.execution.DefaultBuildExecuter.execute(DefaultBuildExecuter.java:37)
	at org.gradle.execution.DefaultBuildExecuter.access$000(DefaultBuildExecuter.java:23)
	at org.gradle.execution.DefaultBuildExecuter$1.proceed(DefaultBuildExecuter.java:43)
	at org.gradle.execution.DryRunBuildExecutionAction.execute(DryRunBuildExecutionAction.java:32)
	at org.gradle.execution.DefaultBuildExecuter.execute(DefaultBuildExecuter.java:37)
	at org.gradle.execution.DefaultBuildExecuter.execute(DefaultBuildExecuter.java:30)
	at org.gradle.initialization.DefaultGradleLauncher$4.run(DefaultGradleLauncher.java:154)
	at org.gradle.internal.Factories$1.create(Factories.java:22)
	at org.gradle.internal.progress.DefaultBuildOperationExecutor.run(DefaultBuildOperationExecutor.java:90)
	at org.gradle.internal.progress.DefaultBuildOperationExecutor.run(DefaultBuildOperationExecutor.java:52)
	at org.gradle.initialization.DefaultGradleLauncher.doBuildStages(DefaultGradleLauncher.java:151)
	at org.gradle.initialization.DefaultGradleLauncher.access$200(DefaultGradleLauncher.java:32)
	at org.gradle.initialization.DefaultGradleLauncher$1.create(DefaultGradleLauncher.java:99)
	at org.gradle.initialization.DefaultGradleLauncher$1.create(DefaultGradleLauncher.java:93)
	at org.gradle.internal.progress.DefaultBuildOperationExecutor.run(DefaultBuildOperationExecutor.java:90)
	at org.gradle.internal.progress.DefaultBuildOperationExecutor.run(DefaultBuildOperationExecutor.java:62)
	at org.gradle.initialization.DefaultGradleLauncher.doBuild(DefaultGradleLauncher.java:93)
	at org.gradle.initialization.DefaultGradleLauncher.run(DefaultGradleLauncher.java:82)
	at org.gradle.launcher.exec.InProcessBuildActionExecuter$DefaultBuildController.run(InProcessBuildActionExecuter.java:94)
	at org.gradle.tooling.internal.provider.ExecuteBuildActionRunner.run(ExecuteBuildActionRunner.java:28)
	at org.gradle.launcher.exec.ChainingBuildActionRunner.run(ChainingBuildActionRunner.java:35)
	at org.gradle.launcher.exec.InProcessBuildActionExecuter.execute(InProcessBuildActionExecuter.java:43)
	at org.gradle.launcher.exec.InProcessBuildActionExecuter.execute(InProcessBuildActionExecuter.java:28)
	at org.gradle.launcher.exec.ContinuousBuildActionExecuter.execute(ContinuousBuildActionExecuter.java:78)
	at org.gradle.launcher.exec.ContinuousBuildActionExecuter.execute(ContinuousBuildActionExecuter.java:48)
	at org.gradle.launcher.exec.DaemonUsageSuggestingBuildActionExecuter.execute(DaemonUsageSuggestingBuildActionExecuter.java:51)
	at org.gradle.launcher.exec.DaemonUsageSuggestingBuildActionExecuter.execute(DaemonUsageSuggestingBuildActionExecuter.java:28)
	at org.gradle.launcher.cli.RunBuildAction.run(RunBuildAction.java:43)
	at org.gradle.internal.Actions$RunnableActionAdapter.execute(Actions.java:170)
	at org.gradle.launcher.cli.CommandLineActionFactory$ParseAndBuildAction.execute(CommandLineActionFactory.java:237)
	at org.gradle.launcher.cli.CommandLineActionFactory$ParseAndBuildAction.execute(CommandLineActionFactory.java:210)
	at org.gradle.launcher.cli.JavaRuntimeValidationAction.execute(JavaRuntimeValidationAction.java:35)
	at org.gradle.launcher.cli.JavaRuntimeValidationAction.execute(JavaRuntimeValidationAction.java:24)
	at org.gradle.launcher.cli.CommandLineActionFactory$WithLogging.execute(CommandLineActionFactory.java:206)
	at org.gradle.launcher.cli.CommandLineActionFactory$WithLogging.execute(CommandLineActionFactory.java:169)
	at org.gradle.launcher.cli.ExceptionReportingAction.execute(ExceptionReportingAction.java:33)
	at org.gradle.launcher.cli.ExceptionReportingAction.execute(ExceptionReportingAction.java:22)
	at org.gradle.launcher.Main.doAction(Main.java:33)
	at org.gradle.launcher.bootstrap.EntryPoint.run(EntryPoint.java:45)
	at sun.reflect.NativeMethodAccessorImpl.invoke0(Native Method)
	at sun.reflect.NativeMethodAccessorImpl.invoke(NativeMethodAccessorImpl.java:62)
	at sun.reflect.DelegatingMethodAccessorImpl.invoke(DelegatingMethodAccessorImpl.java:43)
	at java.lang.reflect.Method.invoke(Method.java:498)
	at org.gradle.launcher.bootstrap.ProcessBootstrap.runNoExit(ProcessBootstrap.java:54)
	at org.gradle.launcher.bootstrap.ProcessBootstrap.run(ProcessBootstrap.java:35)
	at org.gradle.launcher.GradleMain.main(GradleMain.java:23)
	at sun.reflect.NativeMethodAccessorImpl.invoke0(Native Method)
	at sun.reflect.NativeMethodAccessorImpl.invoke(NativeMethodAccessorImpl.java:62)
	at sun.reflect.DelegatingMethodAccessorImpl.invoke(DelegatingMethodAccessorImpl.java:43)
	at java.lang.reflect.Method.invoke(Method.java:498)
	at org.gradle.wrapper.BootstrapMainStarter.start(BootstrapMainStarter.java:30)
	at org.gradle.wrapper.WrapperExecutor.execute(WrapperExecutor.java:129)
	at org.gradle.wrapper.GradleWrapperMain.main(GradleWrapperMain.java:61)
[8mha:////4CZl4ZiQ+PyWwWDKvENHfCrUXrsxjTLCvcp1vCXylcQtAAAAYB+LCAAAAAAAAP9b85aBtbiIQSWjNKU4P0+vIKc0PTOvWC+9KDElJ1XPHUyFJBZn++WXpCqzh62PfDo/h4mBoaKIQQqqJTk/rzgfqNYZQoMUMkAAI0hhAQASWqbMYgAAAA==[0m:artifactoryPublish FAILED

FAILURE: Build failed with an exception.

* What went wrong:
Execution failed for task ':artifactoryPublish'.
> java.io.IOException: Failed to deploy file: HTTP response code: 301. HTTP response message: Moved Permanently

* Try:
Run with --stacktrace option to get the stack trace. Run with --info or --debug option to get more log output.

[8mha:////4FwoyfhOzOx9WouJNXTqt3xtCn4HUWNK6W5sjcw5b4LUAAAAYx+LCAAAAAAAAP9b85aBtbiIQT2jNKU4P0+vIKc0PTOvWC+9KDElJ1XPHUz5l5Yk5+em+uWXpBabBRd0uewzZWJgqChikILqSs7PK84HKneG0CCFDBDACFJYAAAMk/XNZQAAAA==[0mBUILD FAILED

Total time: 16.051 secs
Build step 'Invoke Gradle script' changed build result to FAILURE
Build step 'Invoke Gradle script' marked build as failure
Finished: FAILURE
